<?xml version="1.0" encoding="UTF-8"?>
<testng-results skipped="0" failed="0" ignored="0" total="1" passed="1">
  <reporter-output>
  </reporter-output>
  <suite name="Default suite" duration-ms="47332" started-at="2019-12-07T06:38:33Z" finished-at="2019-12-07T06:39:21Z">
    <groups>
    </groups>
    <test name="Default test" duration-ms="47332" started-at="2019-12-07T06:38:33Z" finished-at="2019-12-07T06:39:21Z">
      <class name="qsp.Images">
        <test-method status="PASS" signature="test()[pri:0, instance:qsp.Images@3532ec19]" name="test" duration-ms="47279" started-at="2019-12-07T06:38:34Z" finished-at="2019-12-07T06:39:21Z">
          <reporter-output>
          </reporter-output>
        </test-method> <!-- test -->
      </class> <!-- qsp.Images -->
    </test> <!-- Default test -->
  </suite> <!-- Default suite -->
</testng-results>
